<?xml version="1.0" encoding="UTF-8"?>
<!-- Generated by org.testng.reporters.JUnitReportReporter -->
<testsuite hostname="DESKTOP-SR3NH7B" failures="0" tests="1" name="com.crm.project.SampleTest" time="0.017" errors="0" timestamp="2021-12-10T17:12:42 IST" skipped="0">
  <testcase classname="com.crm.project.SampleTest" name="createorg" time="0.017"/>
  <system-out/>
</testsuite> <!-- com.crm.project.SampleTest -->
