<?xml version="1.0" encoding="UTF-8"?>
<!-- Generated by org.testng.reporters.JUnitReportReporter -->
<testsuite hostname="DESKTOP-SR3NH7B" failures="0" tests="1" name="com.crm.pack.getDataFromcommandLineTest" time="0.019" errors="0" timestamp="2021-12-15T13:28:55 IST" skipped="0">
  <testcase classname="com.crm.pack.getDataFromcommandLineTest" name="commandlineTest" time="0.019"/>
  <system-out/>
</testsuite> <!-- com.crm.pack.getDataFromcommandLineTest -->
