<?xml version="1.0" encoding="UTF-8"?>
<!-- Generated by org.testng.reporters.JUnitReportReporter -->
<testsuite hostname="DESKTOP-SR3NH7B" failures="0" tests="1" name="com.crm.pack.failedgetDataFromcommandLineTest" time="0.025" errors="0" timestamp="2021-12-15T13:27:40 IST" skipped="0">
  <testcase classname="com.crm.pack.failedgetDataFromcommandLineTest" name="commandlineTest" time="0.025"/>
  <system-out/>
</testsuite> <!-- com.crm.pack.failedgetDataFromcommandLineTest -->
