<?xml version="1.0" encoding="UTF-8"?>
<!-- Generated by org.testng.reporters.JUnitReportReporter -->
<testsuite hostname="DESKTOP-SR3NH7B" failures="0" tests="1" name="com.crm.project.OrgPractice" time="26.621" errors="0" timestamp="2021-12-07T19:49:36 IST" skipped="0">
  <testcase classname="com.crm.project.OrgPractice" name="createorg" time="26.621"/>
  <system-out/>
</testsuite> <!-- com.crm.project.OrgPractice -->
