<?xml version="1.0" encoding="UTF-8"?>
<!-- Generated by org.testng.reporters.JUnitReportReporter -->
<testsuite hostname="DESKTOP-SR3NH7B" failures="0" tests="1" name="com.crm.pack.SampleTest" time="0.027" errors="0" timestamp="2021-12-15T12:54:01 IST" skipped="0">
  <testcase classname="com.crm.pack.SampleTest" name="createorg" time="0.027"/>
  <system-out/>
</testsuite> <!-- com.crm.pack.SampleTest -->
