<?xml version="1.0" encoding="UTF-8"?>
<!-- Generated by org.testng.reporters.JUnitReportReporter -->
<testsuite hostname="DESKTOP-SR3NH7B" failures="0" tests="1" name="com.crm.pack.OrgPracticeTest" time="0.012" errors="0" timestamp="2021-12-15T12:53:45 IST" skipped="0">
  <testcase classname="com.crm.pack.OrgPracticeTest" name="createorg" time="0.012"/>
  <system-out/>
</testsuite> <!-- com.crm.pack.OrgPracticeTest -->
